Build started 17.11.2014 г. 23:02:11 ч..
     1>Project "C:\Users\NewKnight\Desktop\Основи на компютърни Игри\Arkanoid\Arkanoid\Arkanoid.vcxproj" on node 2 (build target(s)).
     1>InitializeBuildStatus:
         Creating "Debug\Arkanoid.unsuccessfulbuild" because "AlwaysCreate" was specified.
       ClCompile:
         C:\Program Files (x86)\Microsoft Visual Studio 10.0\VC\bin\CL.exe /c /ZI /nologo /W3 /WX /Od /Oy- /D WIN32 /D _DEBUG /D _WINDOWS /D _MBCS /Gm /EHsc /RTC1 /MDd /GS /fp:precise /Zc:wchar_t /Zc:forScope /Fo"Debug\\" /Fd"Debug\vc100.pdb" /Gd /TP /analyze- /errorReport:prompt Arkanoid.cpp
         Arkanoid.cpp
       ManifestResourceCompile:
         All outputs are up-to-date.
       Link:
         C:\Program Files (x86)\Microsoft Visual Studio 10.0\VC\bin\link.exe /ERRORREPORT:PROMPT /OUT:"C:\Users\NewKnight\Desktop\Основи на компютърни Игри\Arkanoid\Debug\Arkanoid.exe" /INCREMENTAL /NOLOGO kernel32.lib user32.lib gdi32.lib winspool.lib comdlg32.lib advapi32.lib shell32.lib ole32.lib oleaut32.lib uuid.lib odbc32.lib odbccp32.lib /MANIFEST /ManifestFile:"Debug\Arkanoid.exe.intermediate.manifest" /MANIFESTUAC:"level='asInvoker' uiAccess='false'" /DEBUG /PDB:"C:\Users\NewKnight\Desktop\Основи на компютърни Игри\Arkanoid\Debug\Arkanoid.pdb" /SUBSYSTEM:WINDOWS /TLBID:1 /DYNAMICBASE /NXCOMPAT /IMPLIB:"C:\Users\NewKnight\Desktop\Основи на компютърни Игри\Arkanoid\Debug\Arkanoid.lib" /MACHINE:X86 Debug\Arkanoid.exe.embed.manifest.res
         Debug\Arkanoid.obj
         Debug\Graphics.obj
         Debug\UI.obj
         Debug\Utils.obj
       Manifest:
         C:\Program Files (x86)\Microsoft SDKs\Windows\v7.0A\bin\mt.exe /nologo /verbose /out:"Debug\Arkanoid.exe.embed.manifest" /manifest Debug\Arkanoid.exe.intermediate.manifest
         All outputs are up-to-date.
       LinkEmbedManifest:
         All outputs are up-to-date.
         Arkanoid.vcxproj -> C:\Users\NewKnight\Desktop\Основи на компютърни Игри\Arkanoid\Debug\Arkanoid.exe
       FinalizeBuildStatus:
         Deleting file "Debug\Arkanoid.unsuccessfulbuild".
         Touching "Debug\Arkanoid.lastbuildstate".
     1>Done Building Project "C:\Users\NewKnight\Desktop\Основи на компютърни Игри\Arkanoid\Arkanoid\Arkanoid.vcxproj" (build target(s)).

Build succeeded.

Time Elapsed 00:00:02.11
