C:\USERS\NEWKNIGHT\DESKTOP\Основи на компютърни Игри\ARKANOID\ARKANOID\DEBUG\ARKANOID.EXE.EMBED.MANIFEST
C:\USERS\NEWKNIGHT\DESKTOP\Основи на компютърни Игри\ARKANOID\ARKANOID\DEBUG\ARKANOID.EXE.EMBED.MANIFEST.RES
C:\USERS\NEWKNIGHT\DESKTOP\Основи на компютърни Игри\ARKANOID\ARKANOID\DEBUG\ARKANOID.EXE.INTERMEDIATE.MANIFEST
C:\USERS\NEWKNIGHT\DESKTOP\Основи на компютърни Игри\ARKANOID\ARKANOID\DEBUG\ARKANOID.OBJ
C:\Users\NewKnight\Desktop\Основи на компютърни Игри\Arkanoid\Arkanoid\Debug\Arkanoid.write.1.tlog
C:\Users\NewKnight\Desktop\Основи на компютърни Игри\Arkanoid\Arkanoid\Debug\Arkanoid_manifest.rc
C:\Users\NewKnight\Desktop\Основи на компютърни Игри\Arkanoid\Arkanoid\Debug\cl.command.1.tlog
C:\Users\NewKnight\Desktop\Основи на компютърни Игри\Arkanoid\Arkanoid\Debug\CL.read.1.tlog
C:\Users\NewKnight\Desktop\Основи на компютърни Игри\Arkanoid\Arkanoid\Debug\CL.write.1.tlog
C:\Users\NewKnight\Desktop\Основи на компютърни Игри\Arkanoid\Arkanoid\Debug\link.10284.read.1.tlog
C:\Users\NewKnight\Desktop\Основи на компютърни Игри\Arkanoid\Arkanoid\Debug\link.10284.write.1.tlog
C:\Users\NewKnight\Desktop\Основи на компютърни Игри\Arkanoid\Arkanoid\Debug\link.10284-cvtres.read.1.tlog
C:\Users\NewKnight\Desktop\Основи на компютърни Игри\Arkanoid\Arkanoid\Debug\link.10284-cvtres.write.1.tlog
C:\Users\NewKnight\Desktop\Основи на компютърни Игри\Arkanoid\Arkanoid\Debug\link.10312.read.1.tlog
C:\Users\NewKnight\Desktop\Основи на компютърни Игри\Arkanoid\Arkanoid\Debug\link.10312.write.1.tlog
C:\Users\NewKnight\Desktop\Основи на компютърни Игри\Arkanoid\Arkanoid\Debug\link.10312-cvtres.read.1.tlog
C:\Users\NewKnight\Desktop\Основи на компютърни Игри\Arkanoid\Arkanoid\Debug\link.10312-cvtres.write.1.tlog
C:\Users\NewKnight\Desktop\Основи на компютърни Игри\Arkanoid\Arkanoid\Debug\link.10328.read.1.tlog
C:\Users\NewKnight\Desktop\Основи на компютърни Игри\Arkanoid\Arkanoid\Debug\link.10328.write.1.tlog
C:\Users\NewKnight\Desktop\Основи на компютърни Игри\Arkanoid\Arkanoid\Debug\link.10328-cvtres.read.1.tlog
C:\Users\NewKnight\Desktop\Основи на компютърни Игри\Arkanoid\Arkanoid\Debug\link.10328-cvtres.write.1.tlog
C:\Users\NewKnight\Desktop\Основи на компютърни Игри\Arkanoid\Arkanoid\Debug\link.10552.read.1.tlog
C:\Users\NewKnight\Desktop\Основи на компютърни Игри\Arkanoid\Arkanoid\Debug\link.10552.write.1.tlog
C:\Users\NewKnight\Desktop\Основи на компютърни Игри\Arkanoid\Arkanoid\Debug\link.10552-cvtres.read.1.tlog
C:\Users\NewKnight\Desktop\Основи на компютърни Игри\Arkanoid\Arkanoid\Debug\link.10552-cvtres.write.1.tlog
C:\Users\NewKnight\Desktop\Основи на компютърни Игри\Arkanoid\Arkanoid\Debug\link.10632.read.1.tlog
C:\Users\NewKnight\Desktop\Основи на компютърни Игри\Arkanoid\Arkanoid\Debug\link.10632.write.1.tlog
C:\Users\NewKnight\Desktop\Основи на компютърни Игри\Arkanoid\Arkanoid\Debug\link.10632-cvtres.read.1.tlog
C:\Users\NewKnight\Desktop\Основи на компютърни Игри\Arkanoid\Arkanoid\Debug\link.10632-cvtres.write.1.tlog
C:\Users\NewKnight\Desktop\Основи на компютърни Игри\Arkanoid\Arkanoid\Debug\link.11120.read.1.tlog
C:\Users\NewKnight\Desktop\Основи на компютърни Игри\Arkanoid\Arkanoid\Debug\link.11120.write.1.tlog
C:\Users\NewKnight\Desktop\Основи на компютърни Игри\Arkanoid\Arkanoid\Debug\link.11120-cvtres.read.1.tlog
C:\Users\NewKnight\Desktop\Основи на компютърни Игри\Arkanoid\Arkanoid\Debug\link.11120-cvtres.write.1.tlog
C:\Users\NewKnight\Desktop\Основи на компютърни Игри\Arkanoid\Arkanoid\Debug\link.3348.read.1.tlog
C:\Users\NewKnight\Desktop\Основи на компютърни Игри\Arkanoid\Arkanoid\Debug\link.3348.write.1.tlog
C:\Users\NewKnight\Desktop\Основи на компютърни Игри\Arkanoid\Arkanoid\Debug\link.3348-cvtres.read.1.tlog
C:\Users\NewKnight\Desktop\Основи на компютърни Игри\Arkanoid\Arkanoid\Debug\link.3348-cvtres.write.1.tlog
C:\Users\NewKnight\Desktop\Основи на компютърни Игри\Arkanoid\Arkanoid\Debug\link.5556.read.1.tlog
C:\Users\NewKnight\Desktop\Основи на компютърни Игри\Arkanoid\Arkanoid\Debug\link.5556.write.1.tlog
C:\Users\NewKnight\Desktop\Основи на компютърни Игри\Arkanoid\Arkanoid\Debug\link.5556-cvtres.read.1.tlog
C:\Users\NewKnight\Desktop\Основи на компютърни Игри\Arkanoid\Arkanoid\Debug\link.5556-cvtres.write.1.tlog
C:\Users\NewKnight\Desktop\Основи на компютърни Игри\Arkanoid\Arkanoid\Debug\link.6376.read.1.tlog
C:\Users\NewKnight\Desktop\Основи на компютърни Игри\Arkanoid\Arkanoid\Debug\link.6376.write.1.tlog
C:\Users\NewKnight\Desktop\Основи на компютърни Игри\Arkanoid\Arkanoid\Debug\link.6376-cvtres.read.1.tlog
C:\Users\NewKnight\Desktop\Основи на компютърни Игри\Arkanoid\Arkanoid\Debug\link.6376-cvtres.write.1.tlog
C:\Users\NewKnight\Desktop\Основи на компютърни Игри\Arkanoid\Arkanoid\Debug\link.8060.read.1.tlog
C:\Users\NewKnight\Desktop\Основи на компютърни Игри\Arkanoid\Arkanoid\Debug\link.8060.write.1.tlog
C:\Users\NewKnight\Desktop\Основи на компютърни Игри\Arkanoid\Arkanoid\Debug\link.8060-cvtres.read.1.tlog
C:\Users\NewKnight\Desktop\Основи на компютърни Игри\Arkanoid\Arkanoid\Debug\link.8060-cvtres.write.1.tlog
C:\Users\NewKnight\Desktop\Основи на компютърни Игри\Arkanoid\Arkanoid\Debug\link.8452.read.1.tlog
C:\Users\NewKnight\Desktop\Основи на компютърни Игри\Arkanoid\Arkanoid\Debug\link.8452.write.1.tlog
C:\Users\NewKnight\Desktop\Основи на компютърни Игри\Arkanoid\Arkanoid\Debug\link.8452-cvtres.read.1.tlog
C:\Users\NewKnight\Desktop\Основи на компютърни Игри\Arkanoid\Arkanoid\Debug\link.8452-cvtres.write.1.tlog
C:\Users\NewKnight\Desktop\Основи на компютърни Игри\Arkanoid\Arkanoid\Debug\link.8576.read.1.tlog
C:\Users\NewKnight\Desktop\Основи на компютърни Игри\Arkanoid\Arkanoid\Debug\link.8576.write.1.tlog
C:\Users\NewKnight\Desktop\Основи на компютърни Игри\Arkanoid\Arkanoid\Debug\link.8576-cvtres.read.1.tlog
C:\Users\NewKnight\Desktop\Основи на компютърни Игри\Arkanoid\Arkanoid\Debug\link.8576-cvtres.write.1.tlog
C:\Users\NewKnight\Desktop\Основи на компютърни Игри\Arkanoid\Arkanoid\Debug\link.8824.read.1.tlog
C:\Users\NewKnight\Desktop\Основи на компютърни Игри\Arkanoid\Arkanoid\Debug\link.8824.write.1.tlog
C:\Users\NewKnight\Desktop\Основи на компютърни Игри\Arkanoid\Arkanoid\Debug\link.8824-cvtres.read.1.tlog
C:\Users\NewKnight\Desktop\Основи на компютърни Игри\Arkanoid\Arkanoid\Debug\link.8824-cvtres.write.1.tlog
C:\Users\NewKnight\Desktop\Основи на компютърни Игри\Arkanoid\Arkanoid\Debug\link.command.1.tlog
C:\Users\NewKnight\Desktop\Основи на компютърни Игри\Arkanoid\Arkanoid\Debug\link.read.1.tlog
C:\Users\NewKnight\Desktop\Основи на компютърни Игри\Arkanoid\Arkanoid\Debug\link.write.1.tlog
C:\Users\NewKnight\Desktop\Основи на компютърни Игри\Arkanoid\Arkanoid\Debug\link-cvtres.read.1.tlog
C:\Users\NewKnight\Desktop\Основи на компютърни Игри\Arkanoid\Arkanoid\Debug\link-cvtres.write.1.tlog
C:\Users\NewKnight\Desktop\Основи на компютърни Игри\Arkanoid\Arkanoid\Debug\mt.command.1.tlog
C:\Users\NewKnight\Desktop\Основи на компютърни Игри\Arkanoid\Arkanoid\Debug\mt.read.1.tlog
C:\Users\NewKnight\Desktop\Основи на компютърни Игри\Arkanoid\Arkanoid\Debug\mt.write.1.tlog
C:\Users\NewKnight\Desktop\Основи на компютърни Игри\Arkanoid\Arkanoid\Debug\rc.command.1.tlog
C:\Users\NewKnight\Desktop\Основи на компютърни Игри\Arkanoid\Arkanoid\Debug\rc.read.1.tlog
C:\Users\NewKnight\Desktop\Основи на компютърни Игри\Arkanoid\Arkanoid\Debug\rc.write.1.tlog
C:\Users\NewKnight\Desktop\Основи на компютърни Игри\Arkanoid\Arkanoid\Debug\vc100.idb
C:\USERS\NEWKNIGHT\DESKTOP\ОСНОВИ НА КОМПЮТЪРНИ ИГРИ\ARKANOID\ARKANOID\DEBUG\VC100.PDB
C:\USERS\NEWKNIGHT\DESKTOP\Основи на компютърни Игри\ARKANOID\DEBUG\ARKANOID.EXE
C:\USERS\NEWKNIGHT\DESKTOP\Основи на компютърни Игри\ARKANOID\DEBUG\ARKANOID.ILK
C:\USERS\NEWKNIGHT\DESKTOP\ОСНОВИ НА КОМПЮТЪРНИ ИГРИ\ARKANOID\DEBUG\ARKANOID.PDB
